<!DOCTYPE html PUBLIC "-//W3C//DTD XHTML 1.1//EN" "http://www.w3.org/TR/xhtml11/DTD/xhtml11.dtd">
<html xmlns="http://www.w3.org/1999/xhtml"><head><title>TestNG Report</title><style type="text/css">table {margin-bottom:10px;border-collapse:collapse;empty-cells:show}th,td {border:1px solid #009;padding:.25em .5em}th {vertical-align:bottom}td {vertical-align:top}table a {font-weight:bold}.stripe td {background-color: #E6EBF9}.num {text-align:right}.passedodd td {background-color: #3F3}.passedeven td {background-color: #0A0}.skippedodd td {background-color: #DDD}.skippedeven td {background-color: #CCC}.failedodd td,.attn {background-color: #F33}.failedeven td,.stripe .attn {background-color: #D00}.stacktrace {white-space:pre;font-family:monospace}.totop {font-size:85%;text-align:center;border-bottom:2px solid #000}</style></head><body><table><tr><th>Test</th><th># Passed</th><th># Skipped</th><th># Failed</th><th>Time (ms)</th><th>Included Groups</th><th>Excluded Groups</th></tr><tr><th colspan="7">Data Driven Basics</th></tr><tr><td><a href="#t0">Bank Manager Login Test</a></td><td class="num">1</td><td class="num">0</td><td class="num">0</td><td class="num">1,119</td><td></td><td></td></tr><tr class="stripe"><td><a href="#t1">Add Customer Test</a></td><td class="num">2</td><td class="num">0</td><td class="num attn">2</td><td class="num">2,099</td><td></td><td></td></tr><tr><th>Total</th><th class="num">3</th><th class="num">0</th><th class="num attn">2</th><th class="num">3,218</th><th colspan="2"></th></tr></table><table id='summary'><thead><tr><th>Class</th><th>Method</th><th>Start</th><th>Time (ms)</th></tr></thead><tbody><tr><th colspan="4">Data Driven Basics</th></tr></tbody><tbody id="t0"><tr><th colspan="4">Bank Manager Login Test &#8212; passed</th></tr><tr class="passedeven"><td rowspan="1">com.w2a.testcases.BankManagerLoginTest</td><td><a href="#m0">bankManagerLoginTest</a></td><td rowspan="1">1600280517882</td><td rowspan="1">887</td></tr></tbody><tbody id="t1"><tr><th colspan="4">Add Customer Test &#8212; failed</th></tr><tr class="failedeven"><td rowspan="2">com.w2a.testcases.AddCustomerTest</td><td><a href="#m1">addCustomer</a></td><td rowspan="2">1600280520633</td><td rowspan="2">26</td></tr><tr class="failedeven"><td><a href="#m2">addCustomer</a></td></tr><tr><th colspan="4">Add Customer Test &#8212; passed</th></tr><tr class="passedeven"><td rowspan="2">com.w2a.testcases.AddCustomerTest</td><td><a href="#m3">addCustomer</a></td><td rowspan="2">1600280520416</td><td rowspan="2">190</td></tr><tr class="passedeven"><td><a href="#m4">addCustomer</a></td></tr></tbody></table><h2>Bank Manager Login Test</h2><h3 id="m0">com.w2a.testcases.BankManagerLoginTest#bankManagerLoginTest</h3><table class="result"></table><p class="totop"><a href="#summary">back to summary</a></p><h2>Add Customer Test</h2><h3 id="m1">com.w2a.testcases.AddCustomerTest#addCustomer</h3><table class="result"><tr class="param"><th>Parameter #1</th><th>Parameter #2</th><th>Parameter #3</th></tr><tr class="param stripe"><td>Rohit</td><td>Sehgal</td><td>A234wd</td></tr><tr><th colspan="3">Messages</th></tr><tr><td colspan="3"><div class="messages">Click to see Screenshot<br/><a target="_blank" href=error.jpg>Screenshot</a><br/><br><br/><br><br/><a target="_blank" href=error.jpg><img src=error.jpg height=200 width=200></img></a></div></td></tr><tr><th colspan="3">Exception</th></tr><tr><td colspan="3"><div class="stacktrace">org.openqa.selenium.UnhandledAlertException: unexpected alert open: {Alert text : Customer added successfully with customer id :7}
  (Session info: chrome=85.0.4183.102): Customer added successfully with customer id :7
Build info: version: &apos;3.141.59&apos;, revision: &apos;e82be7d358&apos;, time: &apos;2018-11-14T08:17:03&apos;
System info: host: &apos;Chaitalis-MacBook-Pro.local&apos;, ip: &apos;2601:642:4700:2d3:9da3:6b3d:b12c:c683%en0&apos;, os.name: &apos;Mac OS X&apos;, os.arch: &apos;x86_64&apos;, os.version: &apos;10.15.5&apos;, java.version: &apos;1.8.0_201&apos;
Driver info: org.openqa.selenium.chrome.ChromeDriver
Capabilities {acceptInsecureCerts: false, browserName: chrome, browserVersion: 85.0.4183.102, chrome: {chromedriverVersion: 85.0.4183.83 (94abc2237ae0c..., userDataDir: /var/folders/bs/3s4d0kg12p7...}, goog:chromeOptions: {debuggerAddress: localhost:55977}, javascriptEnabled: true, networkConnectionEnabled: false, pageLoadStrategy: normal, platform: MAC, platformName: MAC, proxy: Proxy(), setWindowRect: true, strictFileInteractability: false, timeouts: {implicit: 0, pageLoad: 300000, script: 30000}, unhandledPromptBehavior: dismiss and notify, webauthn:virtualAuthenticators: true}
Session ID: 29a8cf1e63ce749ffd7ee3602fff0795
*** Element info: {Using=xpath, value=//button[@ng-click=&apos;addCust()&apos;]}
	at org.openqa.selenium.remote.http.W3CHttpResponseCodec.decode(W3CHttpResponseCodec.java:120)
	at org.openqa.selenium.remote.http.W3CHttpResponseCodec.decode(W3CHttpResponseCodec.java:49)
	at org.openqa.selenium.remote.HttpCommandExecutor.execute(HttpCommandExecutor.java:158)
	at org.openqa.selenium.remote.service.DriverCommandExecutor.execute(DriverCommandExecutor.java:83)
	at org.openqa.selenium.remote.RemoteWebDriver.execute(RemoteWebDriver.java:552)
	at org.openqa.selenium.remote.RemoteWebDriver.findElement(RemoteWebDriver.java:323)
	at org.openqa.selenium.remote.RemoteWebDriver.findElementByXPath(RemoteWebDriver.java:428)
	at org.openqa.selenium.By$ByXPath.findElement(By.java:353)
	at org.openqa.selenium.remote.RemoteWebDriver.findElement(RemoteWebDriver.java:315)
	at com.w2a.testcases.AddCustomerTest.addCustomer(AddCustomerTest.java:18)
... Removed 28 stack frames</div></td></tr></table><p class="totop"><a href="#summary">back to summary</a></p><h3 id="m2">com.w2a.testcases.AddCustomerTest#addCustomer</h3><table class="result"><tr class="param"><th>Parameter #1</th><th>Parameter #2</th><th>Parameter #3</th></tr><tr class="param stripe"><td>Rahul</td><td>Arora</td><td>A234wd</td></tr><tr><th colspan="3">Messages</th></tr><tr><td colspan="3"><div class="messages">Click to see Screenshot<br/><a target="_blank" href=error.jpg>Screenshot</a><br/><br><br/><br><br/><a target="_blank" href=error.jpg><img src=error.jpg height=200 width=200></img></a></div></td></tr><tr><th colspan="3">Exception</th></tr><tr><td colspan="3"><div class="stacktrace">org.openqa.selenium.UnhandledAlertException: unexpected alert open: {Alert text : Customer added successfully with customer id :6}
  (Session info: chrome=85.0.4183.102): Customer added successfully with customer id :6
Build info: version: &apos;3.141.59&apos;, revision: &apos;e82be7d358&apos;, time: &apos;2018-11-14T08:17:03&apos;
System info: host: &apos;Chaitalis-MacBook-Pro.local&apos;, ip: &apos;2601:642:4700:2d3:9da3:6b3d:b12c:c683%en0&apos;, os.name: &apos;Mac OS X&apos;, os.arch: &apos;x86_64&apos;, os.version: &apos;10.15.5&apos;, java.version: &apos;1.8.0_201&apos;
Driver info: org.openqa.selenium.chrome.ChromeDriver
Capabilities {acceptInsecureCerts: false, browserName: chrome, browserVersion: 85.0.4183.102, chrome: {chromedriverVersion: 85.0.4183.83 (94abc2237ae0c..., userDataDir: /var/folders/bs/3s4d0kg12p7...}, goog:chromeOptions: {debuggerAddress: localhost:55977}, javascriptEnabled: true, networkConnectionEnabled: false, pageLoadStrategy: normal, platform: MAC, platformName: MAC, proxy: Proxy(), setWindowRect: true, strictFileInteractability: false, timeouts: {implicit: 0, pageLoad: 300000, script: 30000}, unhandledPromptBehavior: dismiss and notify, webauthn:virtualAuthenticators: true}
Session ID: 29a8cf1e63ce749ffd7ee3602fff0795
*** Element info: {Using=xpath, value=//button[@ng-click=&apos;addCust()&apos;]}
	at org.openqa.selenium.remote.http.W3CHttpResponseCodec.decode(W3CHttpResponseCodec.java:120)
	at org.openqa.selenium.remote.http.W3CHttpResponseCodec.decode(W3CHttpResponseCodec.java:49)
	at org.openqa.selenium.remote.HttpCommandExecutor.execute(HttpCommandExecutor.java:158)
	at org.openqa.selenium.remote.service.DriverCommandExecutor.execute(DriverCommandExecutor.java:83)
	at org.openqa.selenium.remote.RemoteWebDriver.execute(RemoteWebDriver.java:552)
	at org.openqa.selenium.remote.RemoteWebDriver.findElement(RemoteWebDriver.java:323)
	at org.openqa.selenium.remote.RemoteWebDriver.findElementByXPath(RemoteWebDriver.java:428)
	at org.openqa.selenium.By$ByXPath.findElement(By.java:353)
	at org.openqa.selenium.remote.RemoteWebDriver.findElement(RemoteWebDriver.java:315)
	at com.w2a.testcases.AddCustomerTest.addCustomer(AddCustomerTest.java:18)
... Removed 28 stack frames</div></td></tr></table><p class="totop"><a href="#summary">back to summary</a></p><h3 id="m3">com.w2a.testcases.AddCustomerTest#addCustomer</h3><table class="result"><tr class="param"><th>Parameter #1</th><th>Parameter #2</th><th>Parameter #3</th></tr><tr class="param stripe"><td>Ishita</td><td>Arora</td><td>A234wd</td></tr></table><p class="totop"><a href="#summary">back to summary</a></p><h3 id="m4">com.w2a.testcases.AddCustomerTest#addCustomer</h3><table class="result"><tr class="param"><th>Parameter #1</th><th>Parameter #2</th><th>Parameter #3</th></tr><tr class="param stripe"><td>Raman</td><td>Arora</td><td>A234wd</td></tr></table><p class="totop"><a href="#summary">back to summary</a></p></body></html>